
ROM used:   1146/8192 (14%)
            1146/8192 (14%) including unused fragments

            0.9 Average locations per line
            7.5 Average locations per statement

RAM used:   22/368 (6%) at main() level
            44/368 (12%) worst case

Stack used: 0 worst case (0 in main + 0 for interrupts)
Stack size: 8

Lines Stmts  %   Files
----- ----- ---  -----
   45    24  16  proyecto3.c
  684     0   0  E:\PICC\Devices\16f877a.h
   37     0   0  E:\PICC\Drivers\stdio.h
  435   129  84  E:\PICC\Drivers\string.h
   32     0   0  E:\PICC\Drivers\stddef.h
   28     0   0  E:\PICC\Drivers\ctype.h
----- -----
 1261   153 Total

Page ROM  %  RAM    Vol Diff  Functions:
---- --- --- ---    --- ----  ----------
0     23   2    1             @delay_ms1
0    283  25    4    652  6.0  MAIN
0     31   3    2             @ITOF
0    204  18   14             @DIVFF
0    117  10   13             @MULFF
0     65   6   10             @FLT
0     23   2    0             @const754
0     89   8    5             @PSTRINGCN7_9600_62_63
 Inline         5             @FTOSD
0     79   7   13             @DIV3232
0    228  20   13             @PRINTF_L32D_9600_62_63FPFPF
 Inline         0             @cinit1

Program metrics:
    Functions               1
    Statements              153
    Comments                312
    Volume (V)              677
    Difficulty (D)          4.9
    Effort to implement (E) 3318
    Time to implement (T)   3 minutes
    Est Delivered Bugs (B)  0
    Cyclomatic Complexity   1
    Maintainability (MI)    95

 Segment     Used  Free
-----------  ----  ----
00000-00003     4  0  
00004-007FF  1142  902  
00800-00FFF     0  2048  
01000-017FF     0  2048  
01800-01FFF     0  2048  



